<?xml version="1.0" encoding="UTF-8"?>
<testsuite name="br.com.devdojo.StudentRepositoryTestTest" time="0.029" tests="7" errors="7" skipped="0" failures="0">
  <properties>
    <property name="java.runtime.name" value="Java(TM) SE Runtime Environment"/>
    <property name="sun.boot.library.path" value="/usr/local/jdk1.8.0_111/jre/lib/amd64"/>
    <property name="java.vm.version" value="25.111-b14"/>
    <property name="java.vm.vendor" value="Oracle Corporation"/>
    <property name="java.vendor.url" value="http://java.oracle.com/"/>
    <property name="path.separator" value=":"/>
    <property name="guice.disable.misplaced.annotation.check" value="true"/>
    <property name="java.vm.name" value="Java HotSpot(TM) 64-Bit Server VM"/>
    <property name="file.encoding.pkg" value="sun.io"/>
    <property name="user.country" value="BR"/>
    <property name="sun.java.launcher" value="SUN_STANDARD"/>
    <property name="sun.os.patch.level" value="unknown"/>
    <property name="test" value="br.com.devdojo.StudentRepositoryTestTest"/>
    <property name="java.vm.specification.name" value="Java Virtual Machine Specification"/>
    <property name="user.dir" value="/home/henrique/SpringBoot/SpringBoot2"/>
    <property name="java.runtime.version" value="1.8.0_111-b14"/>
    <property name="java.awt.graphicsenv" value="sun.awt.X11GraphicsEnvironment"/>
    <property name="java.endorsed.dirs" value="/usr/local/jdk1.8.0_111/jre/lib/endorsed"/>
    <property name="os.arch" value="amd64"/>
    <property name="java.io.tmpdir" value="/tmp"/>
    <property name="line.separator" value="&#10;"/>
    <property name="java.vm.specification.vendor" value="Oracle Corporation"/>
    <property name="os.name" value="Linux"/>
    <property name="maven.ext.class.path" value="/home/henrique/netbeans-8.0.1/java/maven-nblib/netbeans-eventspy.jar"/>
    <property name="classworlds.conf" value="/home/henrique/netbeans-8.0.1/java/maven/bin/m2.conf"/>
    <property name="sun.jnu.encoding" value="UTF-8"/>
    <property name="java.library.path" value="/usr/local/jdk1.8.0_111/jre/lib/amd64:/usr/local/jdk1.8.0_111/jre/lib/i386::/usr/java/packages/lib/amd64:/usr/lib64:/lib64:/lib:/usr/lib"/>
    <property name="java.specification.name" value="Java Platform API Specification"/>
    <property name="java.class.version" value="52.0"/>
    <property name="sun.management.compiler" value="HotSpot 64-Bit Tiered Compilers"/>
    <property name="os.version" value="4.15.0-45-generic"/>
    <property name="user.home" value="/home/henrique"/>
    <property name="user.timezone" value="America/Sao_Paulo"/>
    <property name="java.awt.printerjob" value="sun.print.PSPrinterJob"/>
    <property name="java.specification.version" value="1.8"/>
    <property name="file.encoding" value="UTF-8"/>
    <property name="user.name" value="henrique"/>
    <property name="java.class.path" value="/home/henrique/netbeans-8.0.1/java/maven/boot/plexus-classworlds-2.4.jar"/>
    <property name="java.vm.specification.version" value="1.8"/>
    <property name="sun.arch.data.model" value="64"/>
    <property name="java.home" value="/usr/local/jdk1.8.0_111/jre"/>
    <property name="sun.java.command" value="org.codehaus.plexus.classworlds.launcher.Launcher -Dtest=br.com.devdojo.StudentRepositoryTestTest -Dmaven.ext.class.path=/home/henrique/netbeans-8.0.1/java/maven-nblib/netbeans-eventspy.jar surefire:test"/>
    <property name="java.specification.vendor" value="Oracle Corporation"/>
    <property name="user.language" value="pt"/>
    <property name="awt.toolkit" value="sun.awt.X11.XToolkit"/>
    <property name="java.vm.info" value="mixed mode"/>
    <property name="java.version" value="1.8.0_111"/>
    <property name="java.ext.dirs" value="/usr/local/jdk1.8.0_111/jre/lib/ext:/usr/java/packages/lib/ext"/>
    <property name="securerandom.source" value="file:/dev/./urandom"/>
    <property name="sun.boot.class.path" value="/usr/local/jdk1.8.0_111/jre/lib/resources.jar:/usr/local/jdk1.8.0_111/jre/lib/rt.jar:/usr/local/jdk1.8.0_111/jre/lib/sunrsasign.jar:/usr/local/jdk1.8.0_111/jre/lib/jsse.jar:/usr/local/jdk1.8.0_111/jre/lib/jce.jar:/usr/local/jdk1.8.0_111/jre/lib/charsets.jar:/usr/local/jdk1.8.0_111/jre/lib/jfr.jar:/usr/local/jdk1.8.0_111/jre/classes"/>
    <property name="java.vendor" value="Oracle Corporation"/>
    <property name="maven.home" value="/home/henrique/netbeans-8.0.1/java/maven"/>
    <property name="file.separator" value="/"/>
    <property name="java.vendor.url.bug" value="http://bugreport.sun.com/bugreport/"/>
    <property name="sun.cpu.endian" value="little"/>
    <property name="sun.io.unicode.encoding" value="UnicodeLittle"/>
    <property name="sun.desktop" value="gnome"/>
    <property name="sun.cpu.isalist" value=""/>
  </properties>
  <testcase name="testCreateWhenEmailIsNotValidShouldThrowConstraintViolationException" classname="br.com.devdojo.StudentRepositoryTestTest" time="0.024">
    <error type="java.lang.NullPointerException:">java.lang.NullPointerException: null
	at br.com.devdojo.StudentRepositoryTest.createWhenEmailIsNotValidShouldThrowConstraintViolationException(StudentRepositoryTest.java:104)
	at br.com.devdojo.StudentRepositoryTestTest.testCreateWhenEmailIsNotValidShouldThrowConstraintViolationException(StudentRepositoryTestTest.java:119)
</error>
    <system-out><![CDATA[createWhenEmailIsNotValidShouldThrowConstraintViolationException
]]></system-out>
  </testcase>
  <testcase name="testCreateShouldPersistData" classname="br.com.devdojo.StudentRepositoryTestTest" time="0">
    <error type="java.lang.NullPointerException:">java.lang.NullPointerException: null
	at br.com.devdojo.StudentRepositoryTest.createShouldPersistData(StudentRepositoryTest.java:35)
	at br.com.devdojo.StudentRepositoryTestTest.testCreateShouldPersistData(StudentRepositoryTestTest.java:47)
</error>
    <system-out><![CDATA[createShouldPersistData
]]></system-out>
  </testcase>
  <testcase name="testCreateWhenEmailIsNullShouldThrowConstraintViolationException" classname="br.com.devdojo.StudentRepositoryTestTest" time="0.001">
    <error type="java.lang.NullPointerException:">java.lang.NullPointerException: null
	at br.com.devdojo.StudentRepositoryTest.createWhenEmailIsNullShouldThrowConstraintViolationException(StudentRepositoryTest.java:93)
	at br.com.devdojo.StudentRepositoryTestTest.testCreateWhenEmailIsNullShouldThrowConstraintViolationException(StudentRepositoryTestTest.java:107)
</error>
    <system-out><![CDATA[createWhenEmailIsNullShouldThrowConstraintViolationException
]]></system-out>
  </testcase>
  <testcase name="testCreateWhenNameIsNullShouldThrowConstraintViolationException" classname="br.com.devdojo.StudentRepositoryTestTest" time="0.001">
    <error type="java.lang.NullPointerException:">java.lang.NullPointerException: null
	at br.com.devdojo.StudentRepositoryTest.createWhenNameIsNullShouldThrowConstraintViolationException(StudentRepositoryTest.java:84)
	at br.com.devdojo.StudentRepositoryTestTest.testCreateWhenNameIsNullShouldThrowConstraintViolationException(StudentRepositoryTestTest.java:95)
</error>
    <system-out><![CDATA[createWhenNameIsNullShouldThrowConstraintViolationException
]]></system-out>
  </testcase>
  <testcase name="testDeleteShouldRemoveData" classname="br.com.devdojo.StudentRepositoryTestTest" time="0.001">
    <error type="java.lang.NullPointerException:">java.lang.NullPointerException: null
	at br.com.devdojo.StudentRepositoryTest.deleteShouldRemoveData(StudentRepositoryTest.java:45)
	at br.com.devdojo.StudentRepositoryTestTest.testDeleteShouldRemoveData(StudentRepositoryTestTest.java:59)
</error>
    <system-out><![CDATA[deleteShouldRemoveData
]]></system-out>
  </testcase>
  <testcase name="testUpdateShouldChangeAndPersistData" classname="br.com.devdojo.StudentRepositoryTestTest" time="0">
    <error type="java.lang.NullPointerException:">java.lang.NullPointerException: null
	at br.com.devdojo.StudentRepositoryTest.updateShouldChangeAndPersistData(StudentRepositoryTest.java:54)
	at br.com.devdojo.StudentRepositoryTestTest.testUpdateShouldChangeAndPersistData(StudentRepositoryTestTest.java:71)
</error>
    <system-out><![CDATA[updateShouldChangeAndPersistData
]]></system-out>
  </testcase>
  <testcase name="testFindByNameIgnoreCaseContainingShouldIgnoreCase" classname="br.com.devdojo.StudentRepositoryTestTest" time="0.002">
    <error type="java.lang.NullPointerException:">java.lang.NullPointerException: null
	at br.com.devdojo.StudentRepositoryTest.findByNameIgnoreCaseContainingShouldIgnoreCase(StudentRepositoryTest.java:69)
	at br.com.devdojo.StudentRepositoryTestTest.testFindByNameIgnoreCaseContainingShouldIgnoreCase(StudentRepositoryTestTest.java:83)
</error>
    <system-out><![CDATA[findByNameIgnoreCaseContainingShouldIgnoreCase
]]></system-out>
  </testcase>
</testsuite>